<?xml version="1.0" encoding="UTF-8"?>
<!-- Generated by org.testng.reporters.JUnitReportReporter -->
<testsuite hostname="DESKTOP-H4KB4OT" failures="0" tests="1" name="Test_Cases.TC001_Login" time="18.434" errors="0" timestamp="2022-01-18T13:16:13 BDT" skipped="0">
  <testcase classname="Test_Cases.TC001_Login" name="login_Facebook" time="18.434"/>
  <system-out/>
</testsuite> <!-- Test_Cases.TC001_Login -->
