<?xml version="1.0" encoding="UTF-8"?>
<!-- Generated by org.testng.reporters.JUnitReportReporter -->
<testsuite hostname="DESKTOP-H4KB4OT" failures="0" tests="2" name="Test_Cases.TC002_SendMessage" time="28.817" errors="0" timestamp="2022-01-19T11:03:22 BDT" skipped="0">
  <testcase classname="Test_Cases.TC002_SendMessage" name="send_Message" time="17.539"/>
  <system-out/>
  <testcase classname="Test_Cases.TC002_SendMessage" name="login_Facebook" time="11.278"/>
  <system-out/>
</testsuite> <!-- Test_Cases.TC002_SendMessage -->
