<?xml version="1.0" encoding="UTF-8"?>
<!-- Generated by org.testng.reporters.JUnitReportReporter -->
<testsuite hostname="DESKTOP-H4KB4OT" failures="0" tests="2" name="Test_Cases.TC002_Buy_Product" time="87.340" errors="0" timestamp="2022-01-17T12:37:11 BDT" skipped="0">
  <testcase classname="Test_Cases.TC002_Buy_Product" name="newArrival" time="50.678"/>
  <system-out/>
  <testcase classname="Test_Cases.TC002_Buy_Product" name="loginPage" time="36.662"/>
  <system-out/>
</testsuite> <!-- Test_Cases.TC002_Buy_Product -->
