<?xml version="1.0" encoding="UTF-8"?>
<!-- Generated by org.testng.reporters.JUnitReportReporter -->
<testsuite hostname="DESKTOP-H4KB4OT" failures="0" tests="1" name="Test_Cases.TC002_NewArrival" time="44.388" errors="0" timestamp="2022-01-15T13:58:42 BDT" skipped="0">
  <testcase classname="Test_Cases.TC002_NewArrival" name="newArrival" time="44.388"/>
  <system-out/>
</testsuite> <!-- Test_Cases.TC002_NewArrival -->
