<?xml version="1.0" encoding="UTF-8"?>
<!-- Generated by org.testng.reporters.JUnitReportReporter -->
<testsuite hostname="DESKTOP-H4KB4OT" failures="0" tests="1" name="Test_Cases.TC001_Login" time="72.548" errors="0" timestamp="2022-01-17T12:03:14 BDT" skipped="0">
  <testcase classname="Test_Cases.TC001_Login" name="loginPage" time="72.548"/>
  <system-out/>
</testsuite> <!-- Test_Cases.TC001_Login -->
