<?xml version="1.0" encoding="UTF-8"?>
<!-- Generated by org.testng.reporters.JUnitReportReporter -->
<testsuite hostname="DESKTOP-H4KB4OT" failures="0" tests="2" name="Test_Cases.TC002_Buy_A_Product" time="96.009" errors="0" timestamp="2022-01-17T13:44:41 BDT" skipped="0">
  <testcase classname="Test_Cases.TC002_Buy_A_Product" name="newArrival" time="44.926"/>
  <system-out/>
  <testcase classname="Test_Cases.TC002_Buy_A_Product" name="loginPage" time="51.083"/>
  <system-out/>
</testsuite> <!-- Test_Cases.TC002_Buy_A_Product -->
