<?xml version="1.0" encoding="UTF-8"?>
<!-- Generated by org.testng.reporters.JUnitReportReporter -->
<testsuite hostname="DESKTOP-H4KB4OT" failures="0" tests="1" name="Test_Cases.TC001_Registration" time="22.008" errors="0" timestamp="2022-01-17T19:12:25 BDT" skipped="0">
  <testcase classname="Test_Cases.TC001_Registration" name="locatorLearning" time="22.008"/>
  <system-out/>
</testsuite> <!-- Test_Cases.TC001_Registration -->
